<?xml version="1.0" encoding="UTF-8"?>
<testng-results ignored="0" total="1" passed="1" failed="0" skipped="0">
  <reporter-output>
  </reporter-output>
  <suite started-at="2024-08-23T23:36:42 IST" name="Default suite" finished-at="2024-08-23T23:37:03 IST" duration-ms="21131">
    <groups>
    </groups>
    <test started-at="2024-08-23T23:36:42 IST" name="Default test" finished-at="2024-08-23T23:37:03 IST" duration-ms="21131">
      <class name="AppiumMobileAutomation.DragAndDropDemo">
        <test-method is-config="true" signature="ConfigureService()[pri:0, instance:AppiumMobileAutomation.DragAndDropDemo@74d1dc36]" started-at="2024-08-23T23:36:42 IST" name="ConfigureService" finished-at="2024-08-23T23:36:46 IST" duration-ms="3740" status="PASS">
          <reporter-output>
          </reporter-output>
        </test-method> <!-- ConfigureService -->
        <test-method signature="DragDropTest()[pri:0, instance:AppiumMobileAutomation.DragAndDropDemo@74d1dc36]" started-at="2024-08-23T23:36:46 IST" name="DragDropTest" finished-at="2024-08-23T23:36:59 IST" duration-ms="13086" status="PASS">
          <reporter-output>
          </reporter-output>
        </test-method> <!-- DragDropTest -->
        <test-method is-config="true" signature="tearDown()[pri:0, instance:AppiumMobileAutomation.DragAndDropDemo@74d1dc36]" started-at="2024-08-23T23:36:59 IST" name="tearDown" finished-at="2024-08-23T23:37:03 IST" duration-ms="4283" status="PASS">
          <reporter-output>
          </reporter-output>
        </test-method> <!-- tearDown -->
      </class> <!-- AppiumMobileAutomation.DragAndDropDemo -->
    </test> <!-- Default test -->
  </suite> <!-- Default suite -->
</testng-results>
