<?xml version="1.0" encoding="UTF-8"?>
<testng-results ignored="0" total="1" passed="1" failed="0" skipped="0">
  <reporter-output>
  </reporter-output>
  <suite started-at="2024-08-08T23:58:50 IST" name="Default suite" finished-at="2024-08-08T23:59:07 IST" duration-ms="16717">
    <groups>
    </groups>
    <test started-at="2024-08-08T23:58:50 IST" name="Default test" finished-at="2024-08-08T23:59:07 IST" duration-ms="16717">
      <class name="AppiumMobileAutomation.WifiSettingsName">
        <test-method is-config="true" signature="ConfigureService()[pri:0, instance:AppiumMobileAutomation.WifiSettingsName@543295b0]" started-at="2024-08-08T23:58:50 IST" name="ConfigureService" finished-at="2024-08-08T23:58:57 IST" duration-ms="6842" status="PASS">
          <reporter-output>
          </reporter-output>
        </test-method> <!-- ConfigureService -->
        <test-method signature="WifiSetting()[pri:0, instance:AppiumMobileAutomation.WifiSettingsName@543295b0]" started-at="2024-08-08T23:58:57 IST" name="WifiSetting" finished-at="2024-08-08T23:59:07 IST" duration-ms="9854" status="PASS">
          <reporter-output>
          </reporter-output>
        </test-method> <!-- WifiSetting -->
        <test-method is-config="true" signature="tearDown()[pri:0, instance:AppiumMobileAutomation.WifiSettingsName@543295b0]" started-at="2024-08-08T23:59:07 IST" name="tearDown" finished-at="2024-08-08T23:59:07 IST" duration-ms="1" status="PASS">
          <reporter-output>
          </reporter-output>
        </test-method> <!-- tearDown -->
      </class> <!-- AppiumMobileAutomation.WifiSettingsName -->
    </test> <!-- Default test -->
  </suite> <!-- Default suite -->
</testng-results>
